<?xml version="1.0" encoding="UTF-8"?>
<!-- Generated by org.testng.reporters.JUnitXMLReporter -->
<testsuite hostname="Raviraj-PC" ignored="5" name="execution for m" tests="5" failures="0" timestamp="13 Mar 2021 05:13:18 GMT" time="0.173" errors="0">
  <testcase name="testcase1" time="0.032" classname="Demo.Selectedtestcaseexecution"/>
  <testcase name="testcase2" time="0.015" classname="Demo.Selectedtestcaseexecution"/>
  <testcase name="testcase3" time="0.0" classname="Demo.Unseletedtestcases"/>
  <testcase name="testcase4" time="0.016" classname="Demo.Unseletedtestcases"/>
  <testcase name="testcase5" time="0.0" classname="Demo.Unseletedtestcases"/>
  <testcase name="testcase5" time="0.0" classname="Demo.Selectedtestcaseexecution">
    <ignored/>
  </testcase> <!-- testcase5 -->
  <testcase name="testcase2" time="0.0" classname="Demo.Unseletedtestcases">
    <ignored/>
  </testcase> <!-- testcase2 -->
  <testcase name="testcase3" time="0.0" classname="Demo.Selectedtestcaseexecution">
    <ignored/>
  </testcase> <!-- testcase3 -->
  <testcase name="testcase4" time="0.0" classname="Demo.Selectedtestcaseexecution">
    <ignored/>
  </testcase> <!-- testcase4 -->
  <testcase name="testcase1" time="0.0" classname="Demo.Unseletedtestcases">
    <ignored/>
  </testcase> <!-- testcase1 -->
</testsuite> <!-- execution for m -->
