<?xml version="1.0" encoding="UTF-8"?>
<!-- Generated by org.testng.reporters.JUnitXMLReporter -->
<testsuite hostname="Raviraj-PC" ignored="0" name="grouping testsces excection" tests="5" failures="0" timestamp="12 Mar 2021 07:47:54 GMT" time="0.248" errors="0">
  <testcase name="testcase1" time="0.062" classname="com.qa.test.grouppingtestcases"/>
  <testcase name="testcase2" time="0.005" classname="com.qa.test.grouppingtestcases"/>
  <testcase name="testcase3" time="0.002" classname="com.qa.test.grouppingtestcases"/>
  <testcase name="testcase4" time="0.002" classname="com.qa.test.grouppingtestcases"/>
  <testcase name="testcase5" time="0.0" classname="com.qa.test.grouppingtestcases"/>
</testsuite> <!-- grouping testsces excection -->
