<?xml version="1.0" encoding="UTF-8"?>
<testng-results skipped="0" failed="0" ignored="5" total="10" passed="5">
  <reporter-output>
  </reporter-output>
  <suite name=" execution" duration-ms="173" started-at="2021-03-13T05:13:18Z" finished-at="2021-03-13T05:13:18Z">
    <groups>
    </groups>
    <test name="execution for m" duration-ms="173" started-at="2021-03-13T05:13:18Z" finished-at="2021-03-13T05:13:18Z">
      <class name="Demo.Selectedtestcaseexecution">
        <test-method status="PASS" signature="testcase1()[pri:0, instance:Demo.Selectedtestcaseexecution@1c7cbad]" name="testcase1" duration-ms="32" started-at="2021-03-13T10:43:18Z" finished-at="2021-03-13T10:43:18Z">
          <reporter-output>
          </reporter-output>
        </test-method> <!-- testcase1 -->
        <test-method status="PASS" signature="testcase2()[pri:0, instance:Demo.Selectedtestcaseexecution@1c7cbad]" name="testcase2" duration-ms="15" started-at="2021-03-13T10:43:18Z" finished-at="2021-03-13T10:43:18Z">
          <reporter-output>
          </reporter-output>
        </test-method> <!-- testcase2 -->
      </class> <!-- Demo.Selectedtestcaseexecution -->
      <class name="Demo.Unseletedtestcases">
        <test-method status="PASS" signature="testcase4()[pri:0, instance:Demo.Unseletedtestcases@8a9f61]" name="testcase4" duration-ms="16" started-at="2021-03-13T10:43:18Z" finished-at="2021-03-13T10:43:18Z">
          <reporter-output>
          </reporter-output>
        </test-method> <!-- testcase4 -->
        <test-method status="PASS" signature="testcase3()[pri:0, instance:Demo.Unseletedtestcases@8a9f61]" name="testcase3" duration-ms="0" started-at="2021-03-13T10:43:18Z" finished-at="2021-03-13T10:43:18Z">
          <reporter-output>
          </reporter-output>
        </test-method> <!-- testcase3 -->
        <test-method status="PASS" signature="testcase5()[pri:0, instance:Demo.Unseletedtestcases@8a9f61]" name="testcase5" duration-ms="0" started-at="2021-03-13T10:43:18Z" finished-at="2021-03-13T10:43:18Z">
          <reporter-output>
          </reporter-output>
        </test-method> <!-- testcase5 -->
      </class> <!-- Demo.Unseletedtestcases -->
    </test> <!-- execution for m -->
  </suite> <!--  execution -->
</testng-results>
